This file contains any messages produced by compilers while
running configure, to aid debugging if configure makes a mistake.

It was created by libXft configure 2.3.4, which was
generated by GNU Autoconf 2.71.  Invocation command line was

  $ /home/sirzech/libxft-bgra/src/libxft/configure --sysconfdir=/etc --prefix=/usr --mandir=/usr/share/man

## --------- ##
## Platform. ##
## --------- ##

hostname = archlinux
uname -m = x86_64
uname -r = 5.15.11-arch2-1
uname -s = Linux
uname -v = #1 SMP PREEMPT Wed, 22 Dec 2021 09:23:54 +0000

/usr/bin/uname -p = unknown
/bin/uname -X     = unknown

/bin/arch              = unknown
/usr/bin/arch -k       = unknown
/usr/convex/getsysinfo = unknown
/usr/bin/hostinfo      = unknown
/bin/machine           = unknown
/usr/bin/oslevel       = unknown
/bin/universe          = unknown

PATH: /usr/local/sbin/
PATH: /usr/local/bin/
PATH: /usr/bin/
PATH: /usr/bin/site_perl/
PATH: /usr/bin/vendor_perl/
PATH: /usr/bin/core_perl/
PATH: /home/sirzech/.local/bin/
PATH: /home/sirzech/.local/bin/cron/
PATH: /home/sirzech/.local/bin/statusbar/


## ----------- ##
## Core tests. ##
## ----------- ##

configure:2470: looking for aux files: compile config.guess config.sub ltmain.sh missing install-sh
configure:2483:  trying ./
configure:2512:   ./compile found
configure:2512:   ./config.guess found
configure:2512:   ./config.sub found
configure:2512:   ./ltmain.sh found
configure:2512:   ./missing found
configure:2494:   ./install-sh found
configure:2646: checking for a BSD-compatible install
configure:2719: result: /usr/bin/install -c
configure:2730: checking whether build environment is sane
configure:2785: result: yes
configure:2944: checking for a race-free mkdir -p
configure:2988: result: /usr/bin/mkdir -p
configure:2995: checking for gawk
configure:3016: found /usr/bin/gawk
configure:3027: result: gawk
configure:3038: checking whether make sets $(MAKE)
configure:3061: result: yes
configure:3091: checking whether make supports nested variables
configure:3109: result: yes
configure:3279: checking build system type
configure:3294: result: x86_64-pc-linux-gnu
configure:3314: checking host system type
configure:3328: result: x86_64-pc-linux-gnu
configure:3369: checking how to print strings
configure:3396: result: printf
configure:3430: checking whether make supports the include directive
configure:3445: make -f confmf.GNU && cat confinc.out
this is the am__doit target
configure:3448: $? = 0
configure:3467: result: yes (GNU style)
configure:3543: checking for gcc
configure:3564: found /usr/bin/gcc
configure:3575: result: gcc
configure:3928: checking for C compiler version
configure:3937: gcc --version >&5
gcc (GCC) 11.1.0
Copyright (C) 2021 Free Software Foundation, Inc.
This is free software; see the source for copying conditions.  There is NO
warranty; not even for MERCHANTABILITY or FITNESS FOR A PARTICULAR PURPOSE.

configure:3948: $? = 0
configure:3937: gcc -v >&5
Using built-in specs.
COLLECT_GCC=gcc
COLLECT_LTO_WRAPPER=/usr/lib/gcc/x86_64-pc-linux-gnu/11.1.0/lto-wrapper
Target: x86_64-pc-linux-gnu
Configured with: /build/gcc/src/gcc/configure --prefix=/usr --libdir=/usr/lib --libexecdir=/usr/lib --mandir=/usr/share/man --infodir=/usr/share/info --with-bugurl=https://bugs.archlinux.org/ --enable-languages=c,c++,ada,fortran,go,lto,objc,obj-c++,d --with-isl --with-linker-hash-style=gnu --with-system-zlib --enable-__cxa_atexit --enable-cet=auto --enable-checking=release --enable-clocale=gnu --enable-default-pie --enable-default-ssp --enable-gnu-indirect-function --enable-gnu-unique-object --enable-install-libiberty --enable-linker-build-id --enable-lto --enable-multilib --enable-plugin --enable-shared --enable-threads=posix --disable-libssp --disable-libstdcxx-pch --disable-libunwind-exceptions --disable-werror gdc_include_dir=/usr/include/dlang/gdc
Thread model: posix
Supported LTO compression algorithms: zlib zstd
gcc version 11.1.0 (GCC) 
configure:3948: $? = 0
configure:3937: gcc -V >&5
gcc: error: unrecognized command-line option '-V'
gcc: fatal error: no input files
compilation terminated.
configure:3948: $? = 1
configure:3937: gcc -qversion >&5
gcc: error: unrecognized command-line option '-qversion'; did you mean '--version'?
gcc: fatal error: no input files
compilation terminated.
configure:3948: $? = 1
configure:3937: gcc -version >&5
gcc: error: unrecognized command-line option '-version'
gcc: fatal error: no input files
compilation terminated.
configure:3948: $? = 1
configure:3968: checking whether the C compiler works
configure:3990: gcc -march=x86-64 -mtune=generic -O2 -pipe -fno-plt -fexceptions         -Wp,-D_FORTIFY_SOURCE=2 -Wformat -Werror=format-security         -fstack-clash-protection -fcf-protection  -Wl,-O1,--sort-common,--as-needed,-z,relro,-z,now conftest.c  >&5
configure:3994: $? = 0
configure:4044: result: yes
configure:4047: checking for C compiler default output file name
configure:4049: result: a.out
configure:4055: checking for suffix of executables
configure:4062: gcc -o conftest -march=x86-64 -mtune=generic -O2 -pipe -fno-plt -fexceptions         -Wp,-D_FORTIFY_SOURCE=2 -Wformat -Werror=format-security         -fstack-clash-protection -fcf-protection  -Wl,-O1,--sort-common,--as-needed,-z,relro,-z,now conftest.c  >&5
configure:4066: $? = 0
configure:4089: result: 
configure:4111: checking whether we are cross compiling
configure:4119: gcc -o conftest -march=x86-64 -mtune=generic -O2 -pipe -fno-plt -fexceptions         -Wp,-D_FORTIFY_SOURCE=2 -Wformat -Werror=format-security         -fstack-clash-protection -fcf-protection  -Wl,-O1,--sort-common,--as-needed,-z,relro,-z,now conftest.c  >&5
configure:4123: $? = 0
configure:4130: ./conftest
configure:4134: $? = 0
configure:4149: result: no
configure:4154: checking for suffix of object files
configure:4177: gcc -c -march=x86-64 -mtune=generic -O2 -pipe -fno-plt -fexceptions         -Wp,-D_FORTIFY_SOURCE=2 -Wformat -Werror=format-security         -fstack-clash-protection -fcf-protection  conftest.c >&5
configure:4181: $? = 0
configure:4203: result: o
configure:4207: checking whether the compiler supports GNU C
configure:4227: gcc -c -march=x86-64 -mtune=generic -O2 -pipe -fno-plt -fexceptions         -Wp,-D_FORTIFY_SOURCE=2 -Wformat -Werror=format-security         -fstack-clash-protection -fcf-protection  conftest.c >&5
configure:4227: $? = 0
configure:4237: result: yes
configure:4248: checking whether gcc accepts -g
configure:4269: gcc -c -g  conftest.c >&5
configure:4269: $? = 0
configure:4313: result: yes
configure:4333: checking for gcc option to enable C11 features
configure:4348: gcc  -c -march=x86-64 -mtune=generic -O2 -pipe -fno-plt -fexceptions         -Wp,-D_FORTIFY_SOURCE=2 -Wformat -Werror=format-security         -fstack-clash-protection -fcf-protection  conftest.c >&5
configure:4348: $? = 0
configure:4366: result: none needed
configure:4482: checking whether gcc understands -c and -o together
configure:4505: gcc -c conftest.c -o conftest2.o
configure:4508: $? = 0
configure:4505: gcc -c conftest.c -o conftest2.o
configure:4508: $? = 0
configure:4520: result: yes
configure:4539: checking dependency style of gcc
configure:4651: result: gcc3
configure:4666: checking for a sed that does not truncate output
configure:4736: result: /usr/bin/sed
configure:4754: checking for grep that handles long lines and -e
configure:4818: result: /usr/bin/grep
configure:4823: checking for egrep
configure:4891: result: /usr/bin/grep -E
configure:4896: checking for fgrep
configure:4964: result: /usr/bin/grep -F
configure:5000: checking for ld used by gcc
configure:5068: result: /usr/bin/ld
configure:5075: checking if the linker (/usr/bin/ld) is GNU ld
configure:5091: result: yes
configure:5103: checking for BSD- or MS-compatible name lister (nm)
configure:5158: result: /usr/bin/nm -B
configure:5298: checking the name lister (/usr/bin/nm -B) interface
configure:5306: gcc -c -march=x86-64 -mtune=generic -O2 -pipe -fno-plt -fexceptions         -Wp,-D_FORTIFY_SOURCE=2 -Wformat -Werror=format-security         -fstack-clash-protection -fcf-protection  conftest.c >&5
configure:5309: /usr/bin/nm -B "conftest.o"
configure:5312: output
0000000000000000 B some_variable
configure:5319: result: BSD nm
configure:5322: checking whether ln -s works
configure:5326: result: yes
configure:5334: checking the maximum length of command line arguments
configure:5466: result: 1572864
configure:5514: checking how to convert x86_64-pc-linux-gnu file names to x86_64-pc-linux-gnu format
configure:5555: result: func_convert_file_noop
configure:5562: checking how to convert x86_64-pc-linux-gnu file names to toolchain format
configure:5583: result: func_convert_file_noop
configure:5590: checking for /usr/bin/ld option to reload object files
configure:5598: result: -r
configure:5677: checking for objdump
configure:5698: found /usr/bin/objdump
configure:5709: result: objdump
configure:5741: checking how to recognize dependent libraries
configure:5942: result: pass_all
configure:6032: checking for dlltool
configure:6067: result: no
configure:6097: checking how to associate runtime and link libraries
configure:6125: result: printf %s\n
configure:6191: checking for ar
configure:6212: found /usr/bin/ar
configure:6223: result: ar
configure:6276: checking for archiver @FILE support
configure:6294: gcc -c -march=x86-64 -mtune=generic -O2 -pipe -fno-plt -fexceptions         -Wp,-D_FORTIFY_SOURCE=2 -Wformat -Werror=format-security         -fstack-clash-protection -fcf-protection  conftest.c >&5
configure:6294: $? = 0
configure:6298: ar cr libconftest.a @conftest.lst >&5
configure:6301: $? = 0
configure:6306: ar cr libconftest.a @conftest.lst >&5
ar: conftest.o: No such file or directory
configure:6309: $? = 1
configure:6321: result: @
configure:6384: checking for strip
configure:6405: found /usr/bin/strip
configure:6416: result: strip
configure:6493: checking for ranlib
configure:6514: found /usr/bin/ranlib
configure:6525: result: ranlib
configure:6627: checking command to parse /usr/bin/nm -B output from gcc object
configure:6781: gcc -c -march=x86-64 -mtune=generic -O2 -pipe -fno-plt -fexceptions         -Wp,-D_FORTIFY_SOURCE=2 -Wformat -Werror=format-security         -fstack-clash-protection -fcf-protection  conftest.c >&5
configure:6784: $? = 0
configure:6788: /usr/bin/nm -B conftest.o \| sed -n -e 's/^.*[ ]\([ABCDGIRSTW][ABCDGIRSTW]*\)[ ][ ]*\([_A-Za-z][_A-Za-z0-9]*\)$/\1 \2 \2/p' | sed '/ __gnu_lto/d' \> conftest.nm
configure:6791: $? = 0
configure:6857: gcc -o conftest -march=x86-64 -mtune=generic -O2 -pipe -fno-plt -fexceptions         -Wp,-D_FORTIFY_SOURCE=2 -Wformat -Werror=format-security         -fstack-clash-protection -fcf-protection  -Wl,-O1,--sort-common,--as-needed,-z,relro,-z,now conftest.c conftstm.o >&5
configure:6860: $? = 0
configure:6898: result: ok
configure:6945: checking for sysroot
configure:6976: result: no
configure:6983: checking for a working dd
configure:7027: result: /usr/bin/dd
configure:7031: checking how to truncate binary pipes
configure:7047: result: /usr/bin/dd bs=4096 count=1
configure:7184: gcc -c -march=x86-64 -mtune=generic -O2 -pipe -fno-plt -fexceptions         -Wp,-D_FORTIFY_SOURCE=2 -Wformat -Werror=format-security         -fstack-clash-protection -fcf-protection  conftest.c >&5
configure:7187: $? = 0
configure:7384: checking for mt
configure:7419: result: no
configure:7439: checking if : is a manifest tool
configure:7446: : '-?'
configure:7454: result: no
configure:8184: checking for stdio.h
configure:8184: gcc -c -march=x86-64 -mtune=generic -O2 -pipe -fno-plt -fexceptions         -Wp,-D_FORTIFY_SOURCE=2 -Wformat -Werror=format-security         -fstack-clash-protection -fcf-protection  conftest.c >&5
configure:8184: $? = 0
configure:8184: result: yes
configure:8184: checking for stdlib.h
configure:8184: gcc -c -march=x86-64 -mtune=generic -O2 -pipe -fno-plt -fexceptions         -Wp,-D_FORTIFY_SOURCE=2 -Wformat -Werror=format-security         -fstack-clash-protection -fcf-protection  conftest.c >&5
configure:8184: $? = 0
configure:8184: result: yes
configure:8184: checking for string.h
configure:8184: gcc -c -march=x86-64 -mtune=generic -O2 -pipe -fno-plt -fexceptions         -Wp,-D_FORTIFY_SOURCE=2 -Wformat -Werror=format-security         -fstack-clash-protection -fcf-protection  conftest.c >&5
configure:8184: $? = 0
configure:8184: result: yes
configure:8184: checking for inttypes.h
configure:8184: gcc -c -march=x86-64 -mtune=generic -O2 -pipe -fno-plt -fexceptions         -Wp,-D_FORTIFY_SOURCE=2 -Wformat -Werror=format-security         -fstack-clash-protection -fcf-protection  conftest.c >&5
configure:8184: $? = 0
configure:8184: result: yes
configure:8184: checking for stdint.h
configure:8184: gcc -c -march=x86-64 -mtune=generic -O2 -pipe -fno-plt -fexceptions         -Wp,-D_FORTIFY_SOURCE=2 -Wformat -Werror=format-security         -fstack-clash-protection -fcf-protection  conftest.c >&5
configure:8184: $? = 0
configure:8184: result: yes
configure:8184: checking for strings.h
configure:8184: gcc -c -march=x86-64 -mtune=generic -O2 -pipe -fno-plt -fexceptions         -Wp,-D_FORTIFY_SOURCE=2 -Wformat -Werror=format-security         -fstack-clash-protection -fcf-protection  conftest.c >&5
configure:8184: $? = 0
configure:8184: result: yes
configure:8184: checking for sys/stat.h
configure:8184: gcc -c -march=x86-64 -mtune=generic -O2 -pipe -fno-plt -fexceptions         -Wp,-D_FORTIFY_SOURCE=2 -Wformat -Werror=format-security         -fstack-clash-protection -fcf-protection  conftest.c >&5
configure:8184: $? = 0
configure:8184: result: yes
configure:8184: checking for sys/types.h
configure:8184: gcc -c -march=x86-64 -mtune=generic -O2 -pipe -fno-plt -fexceptions         -Wp,-D_FORTIFY_SOURCE=2 -Wformat -Werror=format-security         -fstack-clash-protection -fcf-protection  conftest.c >&5
configure:8184: $? = 0
configure:8184: result: yes
configure:8184: checking for unistd.h
configure:8184: gcc -c -march=x86-64 -mtune=generic -O2 -pipe -fno-plt -fexceptions         -Wp,-D_FORTIFY_SOURCE=2 -Wformat -Werror=format-security         -fstack-clash-protection -fcf-protection  conftest.c >&5
configure:8184: $? = 0
configure:8184: result: yes
configure:8209: checking for dlfcn.h
configure:8209: gcc -c -march=x86-64 -mtune=generic -O2 -pipe -fno-plt -fexceptions         -Wp,-D_FORTIFY_SOURCE=2 -Wformat -Werror=format-security         -fstack-clash-protection -fcf-protection  conftest.c >&5
configure:8209: $? = 0
configure:8209: result: yes
configure:8468: checking for objdir
configure:8484: result: .libs
configure:8744: checking if gcc supports -fno-rtti -fno-exceptions
configure:8763: gcc -c -march=x86-64 -mtune=generic -O2 -pipe -fno-plt -fexceptions         -Wp,-D_FORTIFY_SOURCE=2 -Wformat -Werror=format-security         -fstack-clash-protection -fcf-protection  -fno-rtti -fno-exceptions conftest.c >&5
cc1: warning: command-line option '-fno-rtti' is valid for C++/D/ObjC++ but not for C
configure:8767: $? = 0
configure:8780: result: no
configure:9138: checking for gcc option to produce PIC
configure:9146: result: -fPIC -DPIC
configure:9154: checking if gcc PIC flag -fPIC -DPIC works
configure:9173: gcc -c -march=x86-64 -mtune=generic -O2 -pipe -fno-plt -fexceptions         -Wp,-D_FORTIFY_SOURCE=2 -Wformat -Werror=format-security         -fstack-clash-protection -fcf-protection  -fPIC -DPIC -DPIC conftest.c >&5
configure:9177: $? = 0
configure:9190: result: yes
configure:9219: checking if gcc static flag -static works
configure:9248: result: yes
configure:9263: checking if gcc supports -c -o file.o
configure:9285: gcc -c -march=x86-64 -mtune=generic -O2 -pipe -fno-plt -fexceptions         -Wp,-D_FORTIFY_SOURCE=2 -Wformat -Werror=format-security         -fstack-clash-protection -fcf-protection  -o out/conftest2.o conftest.c >&5
configure:9289: $? = 0
configure:9311: result: yes
configure:9319: checking if gcc supports -c -o file.o
configure:9367: result: yes
configure:9400: checking whether the gcc linker (/usr/bin/ld -m elf_x86_64) supports shared libraries
configure:10668: result: yes
configure:10705: checking whether -lc should be explicitly linked in
configure:10714: gcc -c -march=x86-64 -mtune=generic -O2 -pipe -fno-plt -fexceptions         -Wp,-D_FORTIFY_SOURCE=2 -Wformat -Werror=format-security         -fstack-clash-protection -fcf-protection  conftest.c >&5
configure:10717: $? = 0
configure:10732: gcc -shared  -fPIC -DPIC conftest.o  -v -Wl,-soname -Wl,conftest -o conftest 2\>\&1 \| /usr/bin/grep  -lc  \>/dev/null 2\>\&1
configure:10735: $? = 0
configure:10749: result: no
configure:10909: checking dynamic linker characteristics
configure:11491: gcc -o conftest -march=x86-64 -mtune=generic -O2 -pipe -fno-plt -fexceptions         -Wp,-D_FORTIFY_SOURCE=2 -Wformat -Werror=format-security         -fstack-clash-protection -fcf-protection  -Wl,-O1,--sort-common,--as-needed,-z,relro,-z,now -Wl,-rpath -Wl,/foo conftest.c  >&5
configure:11491: $? = 0
configure:11730: result: GNU/Linux ld.so
configure:11852: checking how to hardcode library paths into programs
configure:11877: result: immediate
configure:12429: checking whether stripping libraries is possible
configure:12438: result: yes
configure:12480: checking if libtool supports shared libraries
configure:12482: result: yes
configure:12485: checking whether to build shared libraries
configure:12510: result: yes
configure:12513: checking whether to build static libraries
configure:12517: result: yes
configure:12568: checking for gcc options needed to detect all undeclared functions
configure:12590: gcc -c -march=x86-64 -mtune=generic -O2 -pipe -fno-plt -fexceptions         -Wp,-D_FORTIFY_SOURCE=2 -Wformat -Werror=format-security         -fstack-clash-protection -fcf-protection   conftest.c >&5
conftest.c: In function 'main':
conftest.c:27:8: error: 'strchr' undeclared (first use in this function)
   27 | (void) strchr;
      |        ^~~~~~
conftest.c:1:1: note: 'strchr' is defined in header '<string.h>'; did you forget to '#include <string.h>'?
    1 | /* confdefs.h */
conftest.c:27:8: note: each undeclared identifier is reported only once for each function it appears in
   27 | (void) strchr;
      |        ^~~~~~
configure:12590: $? = 1
configure: failed program was:
| /* confdefs.h */
| #define PACKAGE_NAME "libXft"
| #define PACKAGE_TARNAME "libXft"
| #define PACKAGE_VERSION "2.3.4"
| #define PACKAGE_STRING "libXft 2.3.4"
| #define PACKAGE_BUGREPORT "https://gitlab.freedesktop.org/xorg/lib/libXft/issues"
| #define PACKAGE_URL ""
| #define PACKAGE "libXft"
| #define VERSION "2.3.4"
| #define HAVE_STDIO_H 1
| #define HAVE_STDLIB_H 1
| #define HAVE_STRING_H 1
| #define HAVE_INTTYPES_H 1
| #define HAVE_STDINT_H 1
| #define HAVE_STRINGS_H 1
| #define HAVE_SYS_STAT_H 1
| #define HAVE_SYS_TYPES_H 1
| #define HAVE_UNISTD_H 1
| #define STDC_HEADERS 1
| #define HAVE_DLFCN_H 1
| #define LT_OBJDIR ".libs/"
| /* end confdefs.h.  */
| 
| int
| main (void)
| {
| (void) strchr;
|   ;
|   return 0;
| }
configure:12617: gcc -c -march=x86-64 -mtune=generic -O2 -pipe -fno-plt -fexceptions         -Wp,-D_FORTIFY_SOURCE=2 -Wformat -Werror=format-security         -fstack-clash-protection -fcf-protection   conftest.c >&5
configure:12617: $? = 0
configure:12634: result: none needed
configure:12652: checking whether __clang__ is declared
configure:12652: gcc -c -march=x86-64 -mtune=generic -O2 -pipe -fno-plt -fexceptions         -Wp,-D_FORTIFY_SOURCE=2 -Wformat -Werror=format-security         -fstack-clash-protection -fcf-protection   conftest.c >&5
conftest.c: In function 'main':
conftest.c:58:10: error: '__clang__' undeclared (first use in this function)
   58 |   (void) __clang__;
      |          ^~~~~~~~~
conftest.c:58:10: note: each undeclared identifier is reported only once for each function it appears in
configure:12652: $? = 1
configure: failed program was:
| /* confdefs.h */
| #define PACKAGE_NAME "libXft"
| #define PACKAGE_TARNAME "libXft"
| #define PACKAGE_VERSION "2.3.4"
| #define PACKAGE_STRING "libXft 2.3.4"
| #define PACKAGE_BUGREPORT "https://gitlab.freedesktop.org/xorg/lib/libXft/issues"
| #define PACKAGE_URL ""
| #define PACKAGE "libXft"
| #define VERSION "2.3.4"
| #define HAVE_STDIO_H 1
| #define HAVE_STDLIB_H 1
| #define HAVE_STRING_H 1
| #define HAVE_INTTYPES_H 1
| #define HAVE_STDINT_H 1
| #define HAVE_STRINGS_H 1
| #define HAVE_SYS_STAT_H 1
| #define HAVE_SYS_TYPES_H 1
| #define HAVE_UNISTD_H 1
| #define STDC_HEADERS 1
| #define HAVE_DLFCN_H 1
| #define LT_OBJDIR ".libs/"
| /* end confdefs.h.  */
| #include <stddef.h>
| #ifdef HAVE_STDIO_H
| # include <stdio.h>
| #endif
| #ifdef HAVE_STDLIB_H
| # include <stdlib.h>
| #endif
| #ifdef HAVE_STRING_H
| # include <string.h>
| #endif
| #ifdef HAVE_INTTYPES_H
| # include <inttypes.h>
| #endif
| #ifdef HAVE_STDINT_H
| # include <stdint.h>
| #endif
| #ifdef HAVE_STRINGS_H
| # include <strings.h>
| #endif
| #ifdef HAVE_SYS_TYPES_H
| # include <sys/types.h>
| #endif
| #ifdef HAVE_SYS_STAT_H
| # include <sys/stat.h>
| #endif
| #ifdef HAVE_UNISTD_H
| # include <unistd.h>
| #endif
| int
| main (void)
| {
| #ifndef __clang__
| #ifdef __cplusplus
|   (void) __clang__;
| #else
|   (void) __clang__;
| #endif
| #endif
| 
|   ;
|   return 0;
| }
configure:12652: result: no
configure:12659: checking whether __INTEL_COMPILER is declared
configure:12659: gcc -c -march=x86-64 -mtune=generic -O2 -pipe -fno-plt -fexceptions         -Wp,-D_FORTIFY_SOURCE=2 -Wformat -Werror=format-security         -fstack-clash-protection -fcf-protection   conftest.c >&5
conftest.c: In function 'main':
conftest.c:58:10: error: '__INTEL_COMPILER' undeclared (first use in this function)
   58 |   (void) __INTEL_COMPILER;
      |          ^~~~~~~~~~~~~~~~
conftest.c:58:10: note: each undeclared identifier is reported only once for each function it appears in
configure:12659: $? = 1
configure: failed program was:
| /* confdefs.h */
| #define PACKAGE_NAME "libXft"
| #define PACKAGE_TARNAME "libXft"
| #define PACKAGE_VERSION "2.3.4"
| #define PACKAGE_STRING "libXft 2.3.4"
| #define PACKAGE_BUGREPORT "https://gitlab.freedesktop.org/xorg/lib/libXft/issues"
| #define PACKAGE_URL ""
| #define PACKAGE "libXft"
| #define VERSION "2.3.4"
| #define HAVE_STDIO_H 1
| #define HAVE_STDLIB_H 1
| #define HAVE_STRING_H 1
| #define HAVE_INTTYPES_H 1
| #define HAVE_STDINT_H 1
| #define HAVE_STRINGS_H 1
| #define HAVE_SYS_STAT_H 1
| #define HAVE_SYS_TYPES_H 1
| #define HAVE_UNISTD_H 1
| #define STDC_HEADERS 1
| #define HAVE_DLFCN_H 1
| #define LT_OBJDIR ".libs/"
| /* end confdefs.h.  */
| #include <stddef.h>
| #ifdef HAVE_STDIO_H
| # include <stdio.h>
| #endif
| #ifdef HAVE_STDLIB_H
| # include <stdlib.h>
| #endif
| #ifdef HAVE_STRING_H
| # include <string.h>
| #endif
| #ifdef HAVE_INTTYPES_H
| # include <inttypes.h>
| #endif
| #ifdef HAVE_STDINT_H
| # include <stdint.h>
| #endif
| #ifdef HAVE_STRINGS_H
| # include <strings.h>
| #endif
| #ifdef HAVE_SYS_TYPES_H
| # include <sys/types.h>
| #endif
| #ifdef HAVE_SYS_STAT_H
| # include <sys/stat.h>
| #endif
| #ifdef HAVE_UNISTD_H
| # include <unistd.h>
| #endif
| int
| main (void)
| {
| #ifndef __INTEL_COMPILER
| #ifdef __cplusplus
|   (void) __INTEL_COMPILER;
| #else
|   (void) __INTEL_COMPILER;
| #endif
| #endif
| 
|   ;
|   return 0;
| }
configure:12659: result: no
configure:12666: checking whether __SUNPRO_C is declared
configure:12666: gcc -c -march=x86-64 -mtune=generic -O2 -pipe -fno-plt -fexceptions         -Wp,-D_FORTIFY_SOURCE=2 -Wformat -Werror=format-security         -fstack-clash-protection -fcf-protection   conftest.c >&5
conftest.c: In function 'main':
conftest.c:58:10: error: '__SUNPRO_C' undeclared (first use in this function)
   58 |   (void) __SUNPRO_C;
      |          ^~~~~~~~~~
conftest.c:58:10: note: each undeclared identifier is reported only once for each function it appears in
configure:12666: $? = 1
configure: failed program was:
| /* confdefs.h */
| #define PACKAGE_NAME "libXft"
| #define PACKAGE_TARNAME "libXft"
| #define PACKAGE_VERSION "2.3.4"
| #define PACKAGE_STRING "libXft 2.3.4"
| #define PACKAGE_BUGREPORT "https://gitlab.freedesktop.org/xorg/lib/libXft/issues"
| #define PACKAGE_URL ""
| #define PACKAGE "libXft"
| #define VERSION "2.3.4"
| #define HAVE_STDIO_H 1
| #define HAVE_STDLIB_H 1
| #define HAVE_STRING_H 1
| #define HAVE_INTTYPES_H 1
| #define HAVE_STDINT_H 1
| #define HAVE_STRINGS_H 1
| #define HAVE_SYS_STAT_H 1
| #define HAVE_SYS_TYPES_H 1
| #define HAVE_UNISTD_H 1
| #define STDC_HEADERS 1
| #define HAVE_DLFCN_H 1
| #define LT_OBJDIR ".libs/"
| /* end confdefs.h.  */
| #include <stddef.h>
| #ifdef HAVE_STDIO_H
| # include <stdio.h>
| #endif
| #ifdef HAVE_STDLIB_H
| # include <stdlib.h>
| #endif
| #ifdef HAVE_STRING_H
| # include <string.h>
| #endif
| #ifdef HAVE_INTTYPES_H
| # include <inttypes.h>
| #endif
| #ifdef HAVE_STDINT_H
| # include <stdint.h>
| #endif
| #ifdef HAVE_STRINGS_H
| # include <strings.h>
| #endif
| #ifdef HAVE_SYS_TYPES_H
| # include <sys/types.h>
| #endif
| #ifdef HAVE_SYS_STAT_H
| # include <sys/stat.h>
| #endif
| #ifdef HAVE_UNISTD_H
| # include <unistd.h>
| #endif
| int
| main (void)
| {
| #ifndef __SUNPRO_C
| #ifdef __cplusplus
|   (void) __SUNPRO_C;
| #else
|   (void) __SUNPRO_C;
| #endif
| #endif
| 
|   ;
|   return 0;
| }
configure:12666: result: no
configure:12733: checking for pkg-config
configure:12756: found /usr/bin/pkg-config
configure:12768: result: /usr/bin/pkg-config
configure:12793: checking pkg-config is at least version 0.9.0
configure:12796: result: yes
configure:12846: checking if gcc supports -Werror=unknown-warning-option
configure:12856: gcc -c -march=x86-64 -mtune=generic -O2 -pipe -fno-plt -fexceptions         -Wp,-D_FORTIFY_SOURCE=2 -Wformat -Werror=format-security         -fstack-clash-protection -fcf-protection -Werror=unknown-warning-option  conftest.c >&5
cc1: error: '-Werror=unknown-warning-option': no option '-Wunknown-warning-option'
configure:12856: $? = 1
configure: failed program was:
| /* confdefs.h */
| #define PACKAGE_NAME "libXft"
| #define PACKAGE_TARNAME "libXft"
| #define PACKAGE_VERSION "2.3.4"
| #define PACKAGE_STRING "libXft 2.3.4"
| #define PACKAGE_BUGREPORT "https://gitlab.freedesktop.org/xorg/lib/libXft/issues"
| #define PACKAGE_URL ""
| #define PACKAGE "libXft"
| #define VERSION "2.3.4"
| #define HAVE_STDIO_H 1
| #define HAVE_STDLIB_H 1
| #define HAVE_STRING_H 1
| #define HAVE_INTTYPES_H 1
| #define HAVE_STDINT_H 1
| #define HAVE_STRINGS_H 1
| #define HAVE_SYS_STAT_H 1
| #define HAVE_SYS_TYPES_H 1
| #define HAVE_UNISTD_H 1
| #define STDC_HEADERS 1
| #define HAVE_DLFCN_H 1
| #define LT_OBJDIR ".libs/"
| /* end confdefs.h.  */
| int i;
configure:12864: result: no
configure:12875: checking if gcc supports -Werror=unused-command-line-argument
configure:12885: gcc -c -march=x86-64 -mtune=generic -O2 -pipe -fno-plt -fexceptions         -Wp,-D_FORTIFY_SOURCE=2 -Wformat -Werror=format-security         -fstack-clash-protection -fcf-protection -Werror=unused-command-line-argument  conftest.c >&5
cc1: error: '-Werror=unused-command-line-argument': no option '-Wunused-command-line-argument'; did you mean '-Wunused-dummy-argument'?
configure:12885: $? = 1
configure: failed program was:
| /* confdefs.h */
| #define PACKAGE_NAME "libXft"
| #define PACKAGE_TARNAME "libXft"
| #define PACKAGE_VERSION "2.3.4"
| #define PACKAGE_STRING "libXft 2.3.4"
| #define PACKAGE_BUGREPORT "https://gitlab.freedesktop.org/xorg/lib/libXft/issues"
| #define PACKAGE_URL ""
| #define PACKAGE "libXft"
| #define VERSION "2.3.4"
| #define HAVE_STDIO_H 1
| #define HAVE_STDLIB_H 1
| #define HAVE_STRING_H 1
| #define HAVE_INTTYPES_H 1
| #define HAVE_STDINT_H 1
| #define HAVE_STRINGS_H 1
| #define HAVE_SYS_STAT_H 1
| #define HAVE_SYS_TYPES_H 1
| #define HAVE_UNISTD_H 1
| #define STDC_HEADERS 1
| #define HAVE_DLFCN_H 1
| #define LT_OBJDIR ".libs/"
| /* end confdefs.h.  */
| int i;
configure:12893: result: no
configure:12912: checking if gcc supports -Wall
configure:12930: gcc -o conftest -march=x86-64 -mtune=generic -O2 -pipe -fno-plt -fexceptions         -Wp,-D_FORTIFY_SOURCE=2 -Wformat -Werror=format-security         -fstack-clash-protection -fcf-protection -Wall  -Wl,-O1,--sort-common,--as-needed,-z,relro,-z,now conftest.c  >&5
configure:12930: $? = 0
configure:12944: result: yes
configure:13036: checking if gcc supports -Wpointer-arith
configure:13054: gcc -o conftest -march=x86-64 -mtune=generic -O2 -pipe -fno-plt -fexceptions         -Wp,-D_FORTIFY_SOURCE=2 -Wformat -Werror=format-security         -fstack-clash-protection -fcf-protection -Wpointer-arith  -Wl,-O1,--sort-common,--as-needed,-z,relro,-z,now conftest.c  >&5
configure:13054: $? = 0
configure:13068: result: yes
configure:13160: checking if gcc supports -Wmissing-declarations
configure:13178: gcc -o conftest -march=x86-64 -mtune=generic -O2 -pipe -fno-plt -fexceptions         -Wp,-D_FORTIFY_SOURCE=2 -Wformat -Werror=format-security         -fstack-clash-protection -fcf-protection -Wmissing-declarations  -Wl,-O1,--sort-common,--as-needed,-z,relro,-z,now conftest.c  >&5
configure:13178: $? = 0
configure:13192: result: yes
configure:13284: checking if gcc supports -Wformat=2
configure:13302: gcc -o conftest -march=x86-64 -mtune=generic -O2 -pipe -fno-plt -fexceptions         -Wp,-D_FORTIFY_SOURCE=2 -Wformat -Werror=format-security         -fstack-clash-protection -fcf-protection -Wformat=2  -Wl,-O1,--sort-common,--as-needed,-z,relro,-z,now conftest.c  >&5
configure:13302: $? = 0
configure:13316: result: yes
configure:13461: checking if gcc supports -Wstrict-prototypes
configure:13479: gcc -o conftest -march=x86-64 -mtune=generic -O2 -pipe -fno-plt -fexceptions         -Wp,-D_FORTIFY_SOURCE=2 -Wformat -Werror=format-security         -fstack-clash-protection -fcf-protection -Wstrict-prototypes  -Wl,-O1,--sort-common,--as-needed,-z,relro,-z,now conftest.c  >&5
configure:13479: $? = 0
configure:13493: result: yes
configure:13585: checking if gcc supports -Wmissing-prototypes
configure:13603: gcc -o conftest -march=x86-64 -mtune=generic -O2 -pipe -fno-plt -fexceptions         -Wp,-D_FORTIFY_SOURCE=2 -Wformat -Werror=format-security         -fstack-clash-protection -fcf-protection -Wmissing-prototypes  -Wl,-O1,--sort-common,--as-needed,-z,relro,-z,now conftest.c  >&5
configure:13603: $? = 0
configure:13617: result: yes
configure:13709: checking if gcc supports -Wnested-externs
configure:13727: gcc -o conftest -march=x86-64 -mtune=generic -O2 -pipe -fno-plt -fexceptions         -Wp,-D_FORTIFY_SOURCE=2 -Wformat -Werror=format-security         -fstack-clash-protection -fcf-protection -Wnested-externs  -Wl,-O1,--sort-common,--as-needed,-z,relro,-z,now conftest.c  >&5
configure:13727: $? = 0
configure:13741: result: yes
configure:13833: checking if gcc supports -Wbad-function-cast
configure:13851: gcc -o conftest -march=x86-64 -mtune=generic -O2 -pipe -fno-plt -fexceptions         -Wp,-D_FORTIFY_SOURCE=2 -Wformat -Werror=format-security         -fstack-clash-protection -fcf-protection -Wbad-function-cast  -Wl,-O1,--sort-common,--as-needed,-z,relro,-z,now conftest.c  >&5
configure:13851: $? = 0
configure:13865: result: yes
configure:13957: checking if gcc supports -Wold-style-definition
configure:13975: gcc -o conftest -march=x86-64 -mtune=generic -O2 -pipe -fno-plt -fexceptions         -Wp,-D_FORTIFY_SOURCE=2 -Wformat -Werror=format-security         -fstack-clash-protection -fcf-protection -Wold-style-definition  -Wl,-O1,--sort-common,--as-needed,-z,relro,-z,now conftest.c  >&5
configure:13975: $? = 0
configure:13989: result: yes
configure:14132: checking if gcc supports -Wdeclaration-after-statement
configure:14150: gcc -o conftest -march=x86-64 -mtune=generic -O2 -pipe -fno-plt -fexceptions         -Wp,-D_FORTIFY_SOURCE=2 -Wformat -Werror=format-security         -fstack-clash-protection -fcf-protection -Wdeclaration-after-statement  -Wl,-O1,--sort-common,--as-needed,-z,relro,-z,now conftest.c  >&5
configure:14150: $? = 0
configure:14164: result: yes
configure:14260: checking if gcc supports -Wunused
configure:14278: gcc -o conftest -march=x86-64 -mtune=generic -O2 -pipe -fno-plt -fexceptions         -Wp,-D_FORTIFY_SOURCE=2 -Wformat -Werror=format-security         -fstack-clash-protection -fcf-protection -Wunused  -Wl,-O1,--sort-common,--as-needed,-z,relro,-z,now conftest.c  >&5
configure:14278: $? = 0
configure:14292: result: yes
configure:14384: checking if gcc supports -Wuninitialized
configure:14402: gcc -o conftest -march=x86-64 -mtune=generic -O2 -pipe -fno-plt -fexceptions         -Wp,-D_FORTIFY_SOURCE=2 -Wformat -Werror=format-security         -fstack-clash-protection -fcf-protection -Wuninitialized  -Wl,-O1,--sort-common,--as-needed,-z,relro,-z,now conftest.c  >&5
configure:14402: $? = 0
configure:14416: result: yes
configure:14508: checking if gcc supports -Wshadow
configure:14526: gcc -o conftest -march=x86-64 -mtune=generic -O2 -pipe -fno-plt -fexceptions         -Wp,-D_FORTIFY_SOURCE=2 -Wformat -Werror=format-security         -fstack-clash-protection -fcf-protection -Wshadow  -Wl,-O1,--sort-common,--as-needed,-z,relro,-z,now conftest.c  >&5
configure:14526: $? = 0
configure:14540: result: yes
configure:14632: checking if gcc supports -Wmissing-noreturn
configure:14650: gcc -o conftest -march=x86-64 -mtune=generic -O2 -pipe -fno-plt -fexceptions         -Wp,-D_FORTIFY_SOURCE=2 -Wformat -Werror=format-security         -fstack-clash-protection -fcf-protection -Wmissing-noreturn  -Wl,-O1,--sort-common,--as-needed,-z,relro,-z,now conftest.c  >&5
configure:14650: $? = 0
configure:14664: result: yes
configure:14756: checking if gcc supports -Wmissing-format-attribute
configure:14774: gcc -o conftest -march=x86-64 -mtune=generic -O2 -pipe -fno-plt -fexceptions         -Wp,-D_FORTIFY_SOURCE=2 -Wformat -Werror=format-security         -fstack-clash-protection -fcf-protection -Wmissing-format-attribute  -Wl,-O1,--sort-common,--as-needed,-z,relro,-z,now conftest.c  >&5
configure:14774: $? = 0
configure:14788: result: yes
configure:14880: checking if gcc supports -Wredundant-decls
configure:14898: gcc -o conftest -march=x86-64 -mtune=generic -O2 -pipe -fno-plt -fexceptions         -Wp,-D_FORTIFY_SOURCE=2 -Wformat -Werror=format-security         -fstack-clash-protection -fcf-protection -Wredundant-decls  -Wl,-O1,--sort-common,--as-needed,-z,relro,-z,now conftest.c  >&5
configure:14898: $? = 0
configure:14912: result: yes
configure:15004: checking if gcc supports -Wlogical-op
configure:15022: gcc -o conftest -march=x86-64 -mtune=generic -O2 -pipe -fno-plt -fexceptions         -Wp,-D_FORTIFY_SOURCE=2 -Wformat -Werror=format-security         -fstack-clash-protection -fcf-protection -Wlogical-op  -Wl,-O1,--sort-common,--as-needed,-z,relro,-z,now conftest.c  >&5
configure:15022: $? = 0
configure:15036: result: yes
configure:15140: checking if gcc supports -Werror=implicit
configure:15158: gcc -o conftest -march=x86-64 -mtune=generic -O2 -pipe -fno-plt -fexceptions         -Wp,-D_FORTIFY_SOURCE=2 -Wformat -Werror=format-security         -fstack-clash-protection -fcf-protection -Werror=implicit  -Wl,-O1,--sort-common,--as-needed,-z,relro,-z,now conftest.c  >&5
configure:15158: $? = 0
configure:15172: result: yes
configure:15315: checking if gcc supports -Werror=nonnull
configure:15333: gcc -o conftest -march=x86-64 -mtune=generic -O2 -pipe -fno-plt -fexceptions         -Wp,-D_FORTIFY_SOURCE=2 -Wformat -Werror=format-security         -fstack-clash-protection -fcf-protection -Werror=nonnull  -Wl,-O1,--sort-common,--as-needed,-z,relro,-z,now conftest.c  >&5
configure:15333: $? = 0
configure:15347: result: yes
configure:15439: checking if gcc supports -Werror=init-self
configure:15457: gcc -o conftest -march=x86-64 -mtune=generic -O2 -pipe -fno-plt -fexceptions         -Wp,-D_FORTIFY_SOURCE=2 -Wformat -Werror=format-security         -fstack-clash-protection -fcf-protection -Werror=init-self  -Wl,-O1,--sort-common,--as-needed,-z,relro,-z,now conftest.c  >&5
configure:15457: $? = 0
configure:15471: result: yes
configure:15563: checking if gcc supports -Werror=main
configure:15581: gcc -o conftest -march=x86-64 -mtune=generic -O2 -pipe -fno-plt -fexceptions         -Wp,-D_FORTIFY_SOURCE=2 -Wformat -Werror=format-security         -fstack-clash-protection -fcf-protection -Werror=main  -Wl,-O1,--sort-common,--as-needed,-z,relro,-z,now conftest.c  >&5
configure:15581: $? = 0
configure:15595: result: yes
configure:15687: checking if gcc supports -Werror=missing-braces
configure:15705: gcc -o conftest -march=x86-64 -mtune=generic -O2 -pipe -fno-plt -fexceptions         -Wp,-D_FORTIFY_SOURCE=2 -Wformat -Werror=format-security         -fstack-clash-protection -fcf-protection -Werror=missing-braces  -Wl,-O1,--sort-common,--as-needed,-z,relro,-z,now conftest.c  >&5
configure:15705: $? = 0
configure:15719: result: yes
configure:15811: checking if gcc supports -Werror=sequence-point
configure:15829: gcc -o conftest -march=x86-64 -mtune=generic -O2 -pipe -fno-plt -fexceptions         -Wp,-D_FORTIFY_SOURCE=2 -Wformat -Werror=format-security         -fstack-clash-protection -fcf-protection -Werror=sequence-point  -Wl,-O1,--sort-common,--as-needed,-z,relro,-z,now conftest.c  >&5
configure:15829: $? = 0
configure:15843: result: yes
configure:15935: checking if gcc supports -Werror=return-type
configure:15953: gcc -o conftest -march=x86-64 -mtune=generic -O2 -pipe -fno-plt -fexceptions         -Wp,-D_FORTIFY_SOURCE=2 -Wformat -Werror=format-security         -fstack-clash-protection -fcf-protection -Werror=return-type  -Wl,-O1,--sort-common,--as-needed,-z,relro,-z,now conftest.c  >&5
configure:15953: $? = 0
configure:15967: result: yes
configure:16110: checking if gcc supports -Werror=trigraphs
configure:16128: gcc -o conftest -march=x86-64 -mtune=generic -O2 -pipe -fno-plt -fexceptions         -Wp,-D_FORTIFY_SOURCE=2 -Wformat -Werror=format-security         -fstack-clash-protection -fcf-protection -Werror=trigraphs  -Wl,-O1,--sort-common,--as-needed,-z,relro,-z,now conftest.c  >&5
configure:16128: $? = 0
configure:16142: result: yes
configure:16234: checking if gcc supports -Werror=array-bounds
configure:16252: gcc -o conftest -march=x86-64 -mtune=generic -O2 -pipe -fno-plt -fexceptions         -Wp,-D_FORTIFY_SOURCE=2 -Wformat -Werror=format-security         -fstack-clash-protection -fcf-protection -Werror=array-bounds  -Wl,-O1,--sort-common,--as-needed,-z,relro,-z,now conftest.c  >&5
configure:16252: $? = 0
configure:16266: result: yes
configure:16358: checking if gcc supports -Werror=write-strings
configure:16376: gcc -o conftest -march=x86-64 -mtune=generic -O2 -pipe -fno-plt -fexceptions         -Wp,-D_FORTIFY_SOURCE=2 -Wformat -Werror=format-security         -fstack-clash-protection -fcf-protection -Werror=write-strings  -Wl,-O1,--sort-common,--as-needed,-z,relro,-z,now conftest.c  >&5
configure:16376: $? = 0
configure:16390: result: yes
configure:16482: checking if gcc supports -Werror=address
configure:16500: gcc -o conftest -march=x86-64 -mtune=generic -O2 -pipe -fno-plt -fexceptions         -Wp,-D_FORTIFY_SOURCE=2 -Wformat -Werror=format-security         -fstack-clash-protection -fcf-protection -Werror=address  -Wl,-O1,--sort-common,--as-needed,-z,relro,-z,now conftest.c  >&5
configure:16500: $? = 0
configure:16514: result: yes
configure:16606: checking if gcc supports -Werror=int-to-pointer-cast
configure:16624: gcc -o conftest -march=x86-64 -mtune=generic -O2 -pipe -fno-plt -fexceptions         -Wp,-D_FORTIFY_SOURCE=2 -Wformat -Werror=format-security         -fstack-clash-protection -fcf-protection -Werror=int-to-pointer-cast  -Wl,-O1,--sort-common,--as-needed,-z,relro,-z,now conftest.c  >&5
configure:16624: $? = 0
configure:16638: result: yes
configure:16781: checking if gcc supports -Werror=pointer-to-int-cast
configure:16799: gcc -o conftest -march=x86-64 -mtune=generic -O2 -pipe -fno-plt -fexceptions         -Wp,-D_FORTIFY_SOURCE=2 -Wformat -Werror=format-security         -fstack-clash-protection -fcf-protection -Werror=pointer-to-int-cast  -Wl,-O1,--sort-common,--as-needed,-z,relro,-z,now conftest.c  >&5
configure:16799: $? = 0
configure:16813: result: yes
configure:18554: checking if gcc supports -pedantic
configure:18572: gcc -o conftest -march=x86-64 -mtune=generic -O2 -pipe -fno-plt -fexceptions         -Wp,-D_FORTIFY_SOURCE=2 -Wformat -Werror=format-security         -fstack-clash-protection -fcf-protection -pedantic  -Wl,-O1,--sort-common,--as-needed,-z,relro,-z,now conftest.c  >&5
configure:18572: $? = 0
configure:18586: result: yes
configure:18678: checking if gcc supports -Werror
configure:18696: gcc -o conftest -march=x86-64 -mtune=generic -O2 -pipe -fno-plt -fexceptions         -Wp,-D_FORTIFY_SOURCE=2 -Wformat -Werror=format-security         -fstack-clash-protection -fcf-protection -Werror  -Wl,-O1,--sort-common,--as-needed,-z,relro,-z,now conftest.c  >&5
configure:18696: $? = 0
configure:18710: result: yes
configure:18856: checking if gcc supports -Werror=attributes
configure:18874: gcc -o conftest -march=x86-64 -mtune=generic -O2 -pipe -fno-plt -fexceptions         -Wp,-D_FORTIFY_SOURCE=2 -Wformat -Werror=format-security         -fstack-clash-protection -fcf-protection -Werror=attributes  -Wl,-O1,--sort-common,--as-needed,-z,relro,-z,now conftest.c  >&5
configure:18874: $? = 0
configure:18888: result: yes
configure:19079: checking whether make supports nested variables
configure:19097: result: yes
configure:19138: checking for XRENDER
configure:19145: $PKG_CONFIG --exists --print-errors "xrender >= 0.8.2 x11"
configure:19148: $? = 0
configure:19162: $PKG_CONFIG --exists --print-errors "xrender >= 0.8.2 x11"
configure:19165: $? = 0
configure:19223: result: yes
configure:19231: checking for FREETYPE
configure:19238: $PKG_CONFIG --exists --print-errors "freetype2 >= 2.1.6"
configure:19241: $? = 0
configure:19255: $PKG_CONFIG --exists --print-errors "freetype2 >= 2.1.6"
configure:19258: $? = 0
configure:19316: result: yes
configure:19324: checking for FONTCONFIG
configure:19331: $PKG_CONFIG --exists --print-errors "fontconfig >= 2.5.92"
configure:19334: $? = 0
configure:19348: $PKG_CONFIG --exists --print-errors "fontconfig >= 2.5.92"
configure:19351: $? = 0
configure:19409: result: yes
configure:19528: checking that generated files are newer than configure
configure:19534: result: done
configure:19557: creating ./config.status

## ---------------------- ##
## Running config.status. ##
## ---------------------- ##

This file was extended by libXft config.status 2.3.4, which was
generated by GNU Autoconf 2.71.  Invocation command line was

  CONFIG_FILES    = 
  CONFIG_HEADERS  = 
  CONFIG_LINKS    = 
  CONFIG_COMMANDS = 
  $ ./config.status 

on archlinux

config.status:1133: creating Makefile
config.status:1133: creating xft.pc
config.status:1133: creating src/Makefile
config.status:1133: creating man/Makefile
config.status:1133: creating config.h
config.status:1133: creating include/X11/Xft/Xft.h
config.status:1362: executing depfiles commands
config.status:1439: cd src       && sed -e '/# am--include-marker/d' Makefile         | make -f - am--depfiles
config.status:1444: $? = 0
config.status:1362: executing libtool commands

## ---------------- ##
## Cache variables. ##
## ---------------- ##

ac_cv_build=x86_64-pc-linux-gnu
ac_cv_c_compiler_gnu=yes
ac_cv_c_undeclared_builtin_options='none needed'
ac_cv_env_CC_set=
ac_cv_env_CC_value=
ac_cv_env_CFLAGS_set=set
ac_cv_env_CFLAGS_value='-march=x86-64 -mtune=generic -O2 -pipe -fno-plt -fexceptions         -Wp,-D_FORTIFY_SOURCE=2 -Wformat -Werror=format-security         -fstack-clash-protection -fcf-protection'
ac_cv_env_CPPFLAGS_set=
ac_cv_env_CPPFLAGS_value=
ac_cv_env_FONTCONFIG_CFLAGS_set=
ac_cv_env_FONTCONFIG_CFLAGS_value=
ac_cv_env_FONTCONFIG_LIBS_set=
ac_cv_env_FONTCONFIG_LIBS_value=
ac_cv_env_FREETYPE_CFLAGS_set=
ac_cv_env_FREETYPE_CFLAGS_value=
ac_cv_env_FREETYPE_LIBS_set=
ac_cv_env_FREETYPE_LIBS_value=
ac_cv_env_LDFLAGS_set=set
ac_cv_env_LDFLAGS_value=-Wl,-O1,--sort-common,--as-needed,-z,relro,-z,now
ac_cv_env_LIBS_set=
ac_cv_env_LIBS_value=
ac_cv_env_LT_SYS_LIBRARY_PATH_set=
ac_cv_env_LT_SYS_LIBRARY_PATH_value=
ac_cv_env_PKG_CONFIG_LIBDIR_set=
ac_cv_env_PKG_CONFIG_LIBDIR_value=
ac_cv_env_PKG_CONFIG_PATH_set=
ac_cv_env_PKG_CONFIG_PATH_value=
ac_cv_env_PKG_CONFIG_set=
ac_cv_env_PKG_CONFIG_value=
ac_cv_env_XRENDER_CFLAGS_set=
ac_cv_env_XRENDER_CFLAGS_value=
ac_cv_env_XRENDER_LIBS_set=
ac_cv_env_XRENDER_LIBS_value=
ac_cv_env_build_alias_set=
ac_cv_env_build_alias_value=
ac_cv_env_host_alias_set=
ac_cv_env_host_alias_value=
ac_cv_env_target_alias_set=
ac_cv_env_target_alias_value=
ac_cv_have_decl___INTEL_COMPILER=no
ac_cv_have_decl___SUNPRO_C=no
ac_cv_have_decl___clang__=no
ac_cv_header_dlfcn_h=yes
ac_cv_header_inttypes_h=yes
ac_cv_header_stdint_h=yes
ac_cv_header_stdio_h=yes
ac_cv_header_stdlib_h=yes
ac_cv_header_string_h=yes
ac_cv_header_strings_h=yes
ac_cv_header_sys_stat_h=yes
ac_cv_header_sys_types_h=yes
ac_cv_header_unistd_h=yes
ac_cv_host=x86_64-pc-linux-gnu
ac_cv_objext=o
ac_cv_path_EGREP='/usr/bin/grep -E'
ac_cv_path_FGREP='/usr/bin/grep -F'
ac_cv_path_GREP=/usr/bin/grep
ac_cv_path_SED=/usr/bin/sed
ac_cv_path_ac_pt_PKG_CONFIG=/usr/bin/pkg-config
ac_cv_path_install='/usr/bin/install -c'
ac_cv_path_lt_DD=/usr/bin/dd
ac_cv_path_mkdir=/usr/bin/mkdir
ac_cv_prog_AWK=gawk
ac_cv_prog_ac_ct_AR=ar
ac_cv_prog_ac_ct_CC=gcc
ac_cv_prog_ac_ct_OBJDUMP=objdump
ac_cv_prog_ac_ct_RANLIB=ranlib
ac_cv_prog_ac_ct_STRIP=strip
ac_cv_prog_cc_c11=
ac_cv_prog_cc_g=yes
ac_cv_prog_cc_stdc=
ac_cv_prog_make_make_set=yes
am_cv_CC_dependencies_compiler_type=gcc3
am_cv_make_support_nested_variables=yes
am_cv_prog_cc_c_o=yes
lt_cv_ar_at_file=@
lt_cv_archive_cmds_need_lc=no
lt_cv_deplibs_check_method=pass_all
lt_cv_file_magic_cmd='$MAGIC_CMD'
lt_cv_file_magic_test_file=
lt_cv_ld_reload_flag=-r
lt_cv_nm_interface='BSD nm'
lt_cv_objdir=.libs
lt_cv_path_LD=/usr/bin/ld
lt_cv_path_NM='/usr/bin/nm -B'
lt_cv_path_mainfest_tool=no
lt_cv_prog_compiler_c_o=yes
lt_cv_prog_compiler_pic='-fPIC -DPIC'
lt_cv_prog_compiler_pic_works=yes
lt_cv_prog_compiler_rtti_exceptions=no
lt_cv_prog_compiler_static_works=yes
lt_cv_prog_gnu_ld=yes
lt_cv_sharedlib_from_linklib_cmd='printf %s\n'
lt_cv_shlibpath_overrides_runpath=no
lt_cv_sys_global_symbol_pipe='sed -n -e '\''s/^.*[	 ]\([ABCDGIRSTW][ABCDGIRSTW]*\)[	 ][	 ]*\([_A-Za-z][_A-Za-z0-9]*\)$/\1 \2 \2/p'\'' | sed '\''/ __gnu_lto/d'\'''
lt_cv_sys_global_symbol_to_c_name_address='sed -n -e '\''s/^: \(.*\) .*$/  {"\1", (void *) 0},/p'\'' -e '\''s/^[ABCDGIRSTW][ABCDGIRSTW]* .* \(.*\)$/  {"\1", (void *) \&\1},/p'\'''
lt_cv_sys_global_symbol_to_c_name_address_lib_prefix='sed -n -e '\''s/^: \(.*\) .*$/  {"\1", (void *) 0},/p'\'' -e '\''s/^[ABCDGIRSTW][ABCDGIRSTW]* .* \(lib.*\)$/  {"\1", (void *) \&\1},/p'\'' -e '\''s/^[ABCDGIRSTW][ABCDGIRSTW]* .* \(.*\)$/  {"lib\1", (void *) \&\1},/p'\'''
lt_cv_sys_global_symbol_to_cdecl='sed -n -e '\''s/^T .* \(.*\)$/extern int \1();/p'\'' -e '\''s/^[ABCDGIRSTW][ABCDGIRSTW]* .* \(.*\)$/extern char \1;/p'\'''
lt_cv_sys_global_symbol_to_import=
lt_cv_sys_max_cmd_len=1572864
lt_cv_to_host_file_cmd=func_convert_file_noop
lt_cv_to_tool_file_cmd=func_convert_file_noop
lt_cv_truncate_bin='/usr/bin/dd bs=4096 count=1'
pkg_cv_FONTCONFIG_CFLAGS='-I/usr/include/freetype2 -I/usr/include/libpng16 -I/usr/include/harfbuzz -I/usr/include/glib-2.0 -I/usr/lib/glib-2.0/include '
pkg_cv_FONTCONFIG_LIBS='-lfontconfig -lfreetype '
pkg_cv_FREETYPE_CFLAGS='-I/usr/include/freetype2 -I/usr/include/libpng16 -I/usr/include/harfbuzz -I/usr/include/glib-2.0 -I/usr/lib/glib-2.0/include '
pkg_cv_FREETYPE_LIBS='-lfreetype '
pkg_cv_XRENDER_CFLAGS=
pkg_cv_XRENDER_LIBS='-lXrender -lX11 '
xorg_cv_cc_flag__Wall=yes
xorg_cv_cc_flag__Wbad_function_cast=yes
xorg_cv_cc_flag__Wdeclaration_after_statement=yes
xorg_cv_cc_flag__Werror=yes
xorg_cv_cc_flag__Werror_address=yes
xorg_cv_cc_flag__Werror_array_bounds=yes
xorg_cv_cc_flag__Werror_attributes=yes
xorg_cv_cc_flag__Werror_implicit=yes
xorg_cv_cc_flag__Werror_init_self=yes
xorg_cv_cc_flag__Werror_int_to_pointer_cast=yes
xorg_cv_cc_flag__Werror_main=yes
xorg_cv_cc_flag__Werror_missing_braces=yes
xorg_cv_cc_flag__Werror_nonnull=yes
xorg_cv_cc_flag__Werror_pointer_to_int_cast=yes
xorg_cv_cc_flag__Werror_return_type=yes
xorg_cv_cc_flag__Werror_sequence_point=yes
xorg_cv_cc_flag__Werror_trigraphs=yes
xorg_cv_cc_flag__Werror_write_strings=yes
xorg_cv_cc_flag__Wformat_2=yes
xorg_cv_cc_flag__Wlogical_op=yes
xorg_cv_cc_flag__Wmissing_declarations=yes
xorg_cv_cc_flag__Wmissing_format_attribute=yes
xorg_cv_cc_flag__Wmissing_noreturn=yes
xorg_cv_cc_flag__Wmissing_prototypes=yes
xorg_cv_cc_flag__Wnested_externs=yes
xorg_cv_cc_flag__Wold_style_definition=yes
xorg_cv_cc_flag__Wpointer_arith=yes
xorg_cv_cc_flag__Wredundant_decls=yes
xorg_cv_cc_flag__Wshadow=yes
xorg_cv_cc_flag__Wstrict_prototypes=yes
xorg_cv_cc_flag__Wuninitialized=yes
xorg_cv_cc_flag__Wunused=yes
xorg_cv_cc_flag__pedantic=yes
xorg_cv_cc_flag_unknown_warning_option=no
xorg_cv_cc_flag_unused_command_line_argument=no

## ----------------- ##
## Output variables. ##
## ----------------- ##

ACLOCAL='${SHELL} '\''/home/sirzech/libxft-bgra/src/libxft/missing'\'' aclocal-1.16'
ADMIN_MAN_DIR='$(mandir)/man$(ADMIN_MAN_SUFFIX)'
ADMIN_MAN_SUFFIX='8'
AMDEPBACKSLASH='\'
AMDEP_FALSE='#'
AMDEP_TRUE=''
AMTAR='$${TAR-tar}'
AM_BACKSLASH='\'
AM_DEFAULT_V='$(AM_DEFAULT_VERBOSITY)'
AM_DEFAULT_VERBOSITY='0'
AM_V='$(V)'
APP_MAN_DIR='$(mandir)/man$(APP_MAN_SUFFIX)'
APP_MAN_SUFFIX='1'
AR='ar'
AUTOCONF='${SHELL} '\''/home/sirzech/libxft-bgra/src/libxft/missing'\'' autoconf'
AUTOHEADER='${SHELL} '\''/home/sirzech/libxft-bgra/src/libxft/missing'\'' autoheader'
AUTOMAKE='${SHELL} '\''/home/sirzech/libxft-bgra/src/libxft/missing'\'' automake-1.16'
AWK='gawk'
BASE_CFLAGS=' -Wall -Wpointer-arith -Wmissing-declarations -Wformat=2 -Wstrict-prototypes -Wmissing-prototypes -Wnested-externs -Wbad-function-cast -Wold-style-definition -Wdeclaration-after-statement -Wunused -Wuninitialized -Wshadow -Wmissing-noreturn -Wmissing-format-attribute -Wredundant-decls -Wlogical-op -Werror=implicit -Werror=nonnull -Werror=init-self -Werror=main -Werror=missing-braces -Werror=sequence-point -Werror=return-type -Werror=trigraphs -Werror=array-bounds -Werror=write-strings -Werror=address -Werror=int-to-pointer-cast -Werror=pointer-to-int-cast'
CC='gcc'
CCDEPMODE='depmode=gcc3'
CFLAGS='-march=x86-64 -mtune=generic -O2 -pipe -fno-plt -fexceptions         -Wp,-D_FORTIFY_SOURCE=2 -Wformat -Werror=format-security         -fstack-clash-protection -fcf-protection'
CHANGELOG_CMD='((GIT_DIR=$(top_srcdir)/.git git log > $(top_srcdir)/.changelog.tmp) 2>/dev/null && mv $(top_srcdir)/.changelog.tmp $(top_srcdir)/ChangeLog) || (rm -f $(top_srcdir)/.changelog.tmp; test -e $(top_srcdir)/ChangeLog || ( touch $(top_srcdir)/ChangeLog; echo '\''git failed to create ChangeLog: installing empty ChangeLog.'\'' >&2))'
CPPFLAGS=''
CSCOPE='cscope'
CTAGS='ctags'
CWARNFLAGS=' -Wall -Wpointer-arith -Wmissing-declarations -Wformat=2 -Wstrict-prototypes -Wmissing-prototypes -Wnested-externs -Wbad-function-cast -Wold-style-definition -Wdeclaration-after-statement -Wunused -Wuninitialized -Wshadow -Wmissing-noreturn -Wmissing-format-attribute -Wredundant-decls -Wlogical-op -Werror=implicit -Werror=nonnull -Werror=init-self -Werror=main -Werror=missing-braces -Werror=sequence-point -Werror=return-type -Werror=trigraphs -Werror=array-bounds -Werror=write-strings -Werror=address -Werror=int-to-pointer-cast -Werror=pointer-to-int-cast -fno-strict-aliasing'
CYGPATH_W='echo'
DEFS='-DHAVE_CONFIG_H'
DEPDIR='.deps'
DLLTOOL='false'
DRIVER_MAN_DIR='$(mandir)/man$(DRIVER_MAN_SUFFIX)'
DRIVER_MAN_SUFFIX='4'
DSYMUTIL=''
DUMPBIN=''
ECHO_C=''
ECHO_N='-n'
ECHO_T=''
EGREP='/usr/bin/grep -E'
ETAGS='etags'
EXEEXT=''
FGREP='/usr/bin/grep -F'
FILE_MAN_DIR='$(mandir)/man$(FILE_MAN_SUFFIX)'
FILE_MAN_SUFFIX='5'
FONTCONFIG_CFLAGS='-I/usr/include/freetype2 -I/usr/include/libpng16 -I/usr/include/harfbuzz -I/usr/include/glib-2.0 -I/usr/lib/glib-2.0/include '
FONTCONFIG_LIBS='-lfontconfig -lfreetype '
FREETYPE_CFLAGS='-I/usr/include/freetype2 -I/usr/include/libpng16 -I/usr/include/harfbuzz -I/usr/include/glib-2.0 -I/usr/lib/glib-2.0/include '
FREETYPE_LIBS='-lfreetype '
GREP='/usr/bin/grep'
INSTALL_CMD='(cp -f /usr/share/util-macros/INSTALL $(top_srcdir)/.INSTALL.tmp && mv $(top_srcdir)/.INSTALL.tmp $(top_srcdir)/INSTALL) || (rm -f $(top_srcdir)/.INSTALL.tmp; test -e $(top_srcdir)/INSTALL || ( touch $(top_srcdir)/INSTALL; echo '\''failed to copy INSTALL from util-macros: installing empty INSTALL.'\'' >&2))'
INSTALL_DATA='${INSTALL} -m 644'
INSTALL_PROGRAM='${INSTALL}'
INSTALL_SCRIPT='${INSTALL}'
INSTALL_STRIP_PROGRAM='$(install_sh) -c -s'
LD='/usr/bin/ld -m elf_x86_64'
LDFLAGS='-Wl,-O1,--sort-common,--as-needed,-z,relro,-z,now'
LIBOBJS=''
LIBS=''
LIBTOOL='$(SHELL) $(top_builddir)/libtool'
LIB_MAN_DIR='$(mandir)/man$(LIB_MAN_SUFFIX)'
LIB_MAN_SUFFIX='3'
LIPO=''
LN_S='ln -s'
LTLIBOBJS=''
LT_SYS_LIBRARY_PATH=''
MAKEINFO='${SHELL} '\''/home/sirzech/libxft-bgra/src/libxft/missing'\'' makeinfo'
MANIFEST_TOOL=':'
MAN_SUBSTS='	-e '\''s|__vendorversion__|"$(PACKAGE_STRING)" "$(XORG_MAN_PAGE)"|'\'' 	-e '\''s|__xorgversion__|"$(PACKAGE_STRING)" "$(XORG_MAN_PAGE)"|'\'' 	-e '\''s|__xservername__|Xorg|g'\'' 	-e '\''s|__xconfigfile__|xorg.conf|g'\'' 	-e '\''s|__projectroot__|$(prefix)|g'\'' 	-e '\''s|__apploaddir__|$(appdefaultdir)|g'\'' 	-e '\''s|__appmansuffix__|$(APP_MAN_SUFFIX)|g'\'' 	-e '\''s|__drivermansuffix__|$(DRIVER_MAN_SUFFIX)|g'\'' 	-e '\''s|__adminmansuffix__|$(ADMIN_MAN_SUFFIX)|g'\'' 	-e '\''s|__libmansuffix__|$(LIB_MAN_SUFFIX)|g'\'' 	-e '\''s|__miscmansuffix__|$(MISC_MAN_SUFFIX)|g'\'' 	-e '\''s|__filemansuffix__|$(FILE_MAN_SUFFIX)|g'\'''
MISC_MAN_DIR='$(mandir)/man$(MISC_MAN_SUFFIX)'
MISC_MAN_SUFFIX='7'
MKDIR_P='/usr/bin/mkdir -p'
NM='/usr/bin/nm -B'
NMEDIT=''
OBJDUMP='objdump'
OBJEXT='o'
OTOOL64=''
OTOOL=''
PACKAGE='libXft'
PACKAGE_BUGREPORT='https://gitlab.freedesktop.org/xorg/lib/libXft/issues'
PACKAGE_NAME='libXft'
PACKAGE_STRING='libXft 2.3.4'
PACKAGE_TARNAME='libXft'
PACKAGE_URL=''
PACKAGE_VERSION='2.3.4'
PATH_SEPARATOR=':'
PKG_CONFIG='/usr/bin/pkg-config'
PKG_CONFIG_LIBDIR=''
PKG_CONFIG_PATH=''
RANLIB='ranlib'
SED='/usr/bin/sed'
SET_MAKE=''
SHELL='/bin/sh'
STRICT_CFLAGS=' -pedantic -Werror -Werror=attributes'
STRIP='strip'
VERSION='2.3.4'
XFT_LT_VERSION='2:3:4'
XORG_MAN_PAGE='X Version 11'
XRENDER_CFLAGS=''
XRENDER_LIBS='-lXrender -lX11 '
ac_ct_AR='ar'
ac_ct_CC='gcc'
ac_ct_DUMPBIN=''
am__EXEEXT_FALSE=''
am__EXEEXT_TRUE='#'
am__fastdepCC_FALSE='#'
am__fastdepCC_TRUE=''
am__include='include'
am__isrc=''
am__leading_dot='.'
am__nodep='_no'
am__quote=''
am__tar='$${TAR-tar} chof - "$$tardir"'
am__untar='$${TAR-tar} xf -'
bindir='${exec_prefix}/bin'
build='x86_64-pc-linux-gnu'
build_alias=''
build_cpu='x86_64'
build_os='linux-gnu'
build_vendor='pc'
datadir='${datarootdir}'
datarootdir='${prefix}/share'
docdir='${datarootdir}/doc/${PACKAGE_TARNAME}'
dvidir='${docdir}'
exec_prefix='${prefix}'
host='x86_64-pc-linux-gnu'
host_alias=''
host_cpu='x86_64'
host_os='linux-gnu'
host_vendor='pc'
htmldir='${docdir}'
includedir='${prefix}/include'
infodir='${datarootdir}/info'
install_sh='${SHELL} /home/sirzech/libxft-bgra/src/libxft/install-sh'
libdir='${exec_prefix}/lib'
libexecdir='${exec_prefix}/libexec'
localedir='${datarootdir}/locale'
localstatedir='${prefix}/var'
mandir='/usr/share/man'
mkdir_p='$(MKDIR_P)'
oldincludedir='/usr/include'
pdfdir='${docdir}'
prefix='/usr'
program_transform_name='s,x,x,'
psdir='${docdir}'
runstatedir='${localstatedir}/run'
sbindir='${exec_prefix}/sbin'
sharedstatedir='${prefix}/com'
sysconfdir='/etc'
target_alias=''

## ----------- ##
## confdefs.h. ##
## ----------- ##

/* confdefs.h */
#define PACKAGE_NAME "libXft"
#define PACKAGE_TARNAME "libXft"
#define PACKAGE_VERSION "2.3.4"
#define PACKAGE_STRING "libXft 2.3.4"
#define PACKAGE_BUGREPORT "https://gitlab.freedesktop.org/xorg/lib/libXft/issues"
#define PACKAGE_URL ""
#define PACKAGE "libXft"
#define VERSION "2.3.4"
#define HAVE_STDIO_H 1
#define HAVE_STDLIB_H 1
#define HAVE_STRING_H 1
#define HAVE_INTTYPES_H 1
#define HAVE_STDINT_H 1
#define HAVE_STRINGS_H 1
#define HAVE_SYS_STAT_H 1
#define HAVE_SYS_TYPES_H 1
#define HAVE_UNISTD_H 1
#define STDC_HEADERS 1
#define HAVE_DLFCN_H 1
#define LT_OBJDIR ".libs/"
#define PACKAGE_VERSION_MAJOR 2
#define PACKAGE_VERSION_MINOR 3
#define PACKAGE_VERSION_PATCHLEVEL 4
#define XFT_MAJOR 2
#define XFT_MINOR 3
#define XFT_REVISION 4

configure: exit 0
